<?xml version="1.0" encoding="UTF-8"?>
<testsuite xmlns:xsi="http://www.w3.org/2001/XMLSchema-instance" xsi:noNamespaceSchemaLocation="https://maven.apache.org/surefire/maven-surefire-plugin/xsd/surefire-test-report.xsd" name="com.selfstudy.AppTest" time="0.065" tests="1" errors="0" skipped="0" failures="0">
  <properties>
    <property name="java.specification.version" value="20"/>
    <property name="sun.cpu.isalist" value="amd64"/>
    <property name="sun.jnu.encoding" value="Cp1252"/>
    <property name="java.class.path" value="C:\Users\kiree\webappstudy\target\test-classes;C:\Users\kiree\webappstudy\target\classes;C:\Users\kiree\.m2\repository\junit\junit\4.11\junit-4.11.jar;C:\Users\kiree\.m2\repository\org\hamcrest\hamcrest-core\1.3\hamcrest-core-1.3.jar;C:\Users\kiree\.m2\repository\io\aboutcode\stage\persistence\relational\mysql\4.0.2\mysql-4.0.2.jar;C:\Users\kiree\.m2\repository\io\aboutcode\stage\persistence\core\4.0.2\core-4.0.2.jar;C:\Users\kiree\.m2\repository\io\aboutcode\stage\core\4.0.2\core-4.0.2.jar;C:\Users\kiree\.m2\repository\io\aboutcode\stage\persistence\jdbc\core\4.0.2\core-4.0.2.jar;C:\Users\kiree\.m2\repository\com\zaxxer\HikariCP\2.4.3\HikariCP-2.4.3.jar;C:\Users\kiree\.m2\repository\org\slf4j\slf4j-api\1.7.12\slf4j-api-1.7.12.jar;C:\Users\kiree\.m2\repository\ch\qos\logback\logback-core\1.2.3\logback-core-1.2.3.jar;C:\Users\kiree\.m2\repository\com\google\guava\guava\19.0\guava-19.0.jar;"/>
    <property name="java.vm.vendor" value="Oracle Corporation"/>
    <property name="sun.arch.data.model" value="64"/>
    <property name="user.variant" value=""/>
    <property name="java.vendor.url" value="https://java.oracle.com/"/>
    <property name="user.timezone" value="Asia/Calcutta"/>
    <property name="os.name" value="Windows 11"/>
    <property name="java.vm.specification.version" value="20"/>
    <property name="sun.java.launcher" value="SUN_STANDARD"/>
    <property name="user.country" value="GB"/>
    <property name="sun.boot.library.path" value="C:\Program Files\Java\jdk-20.0.2\bin"/>
    <property name="sun.java.command" value="C:\Users\kiree\AppData\Local\Temp\surefire4820311046923817453\surefirebooter10240484747679295788.jar C:\Users\kiree\AppData\Local\Temp\surefire4820311046923817453 2023-08-29T23-07-54_560-jvmRun1 surefire1161295052112772396tmp surefire_010806371990189673898tmp"/>
    <property name="jdk.debug" value="release"/>
    <property name="surefire.test.class.path" value="C:\Users\kiree\webappstudy\target\test-classes;C:\Users\kiree\webappstudy\target\classes;C:\Users\kiree\.m2\repository\junit\junit\4.11\junit-4.11.jar;C:\Users\kiree\.m2\repository\org\hamcrest\hamcrest-core\1.3\hamcrest-core-1.3.jar;C:\Users\kiree\.m2\repository\io\aboutcode\stage\persistence\relational\mysql\4.0.2\mysql-4.0.2.jar;C:\Users\kiree\.m2\repository\io\aboutcode\stage\persistence\core\4.0.2\core-4.0.2.jar;C:\Users\kiree\.m2\repository\io\aboutcode\stage\core\4.0.2\core-4.0.2.jar;C:\Users\kiree\.m2\repository\io\aboutcode\stage\persistence\jdbc\core\4.0.2\core-4.0.2.jar;C:\Users\kiree\.m2\repository\com\zaxxer\HikariCP\2.4.3\HikariCP-2.4.3.jar;C:\Users\kiree\.m2\repository\org\slf4j\slf4j-api\1.7.12\slf4j-api-1.7.12.jar;C:\Users\kiree\.m2\repository\ch\qos\logback\logback-core\1.2.3\logback-core-1.2.3.jar;C:\Users\kiree\.m2\repository\com\google\guava\guava\19.0\guava-19.0.jar;"/>
    <property name="sun.cpu.endian" value="little"/>
    <property name="user.home" value="C:\Users\kiree"/>
    <property name="user.language" value="en"/>
    <property name="java.specification.vendor" value="Oracle Corporation"/>
    <property name="java.version.date" value="2023-07-18"/>
    <property name="java.home" value="C:\Program Files\Java\jdk-20.0.2"/>
    <property name="file.separator" value="\"/>
    <property name="basedir" value="C:\Users\kiree\webappstudy"/>
    <property name="java.vm.compressedOopsMode" value="32-bit"/>
    <property name="line.separator" value="&#10;"/>
    <property name="java.vm.specification.vendor" value="Oracle Corporation"/>
    <property name="java.specification.name" value="Java Platform API Specification"/>
    <property name="surefire.real.class.path" value="C:\Users\kiree\AppData\Local\Temp\surefire4820311046923817453\surefirebooter10240484747679295788.jar"/>
    <property name="user.script" value=""/>
    <property name="sun.management.compiler" value="HotSpot 64-Bit Tiered Compilers"/>
    <property name="java.runtime.version" value="20.0.2+9-78"/>
    <property name="user.name" value="kiree"/>
    <property name="stdout.encoding" value="Cp1252"/>
    <property name="path.separator" value=";"/>
    <property name="os.version" value="10.0"/>
    <property name="java.runtime.name" value="Java(TM) SE Runtime Environment"/>
    <property name="file.encoding" value="UTF-8"/>
    <property name="java.vm.name" value="Java HotSpot(TM) 64-Bit Server VM"/>
    <property name="localRepository" value="C:\Users\kiree\.m2\repository"/>
    <property name="java.vendor.url.bug" value="https://bugreport.java.com/bugreport/"/>
    <property name="java.io.tmpdir" value="C:\Users\kiree\AppData\Local\Temp\"/>
    <property name="java.version" value="20.0.2"/>
    <property name="user.dir" value="C:\Users\kiree\webappstudy"/>
    <property name="os.arch" value="amd64"/>
    <property name="java.vm.specification.name" value="Java Virtual Machine Specification"/>
    <property name="sun.os.patch.level" value=""/>
    <property name="native.encoding" value="Cp1252"/>
    <property name="java.library.path" value="C:\Program Files\Java\jdk-20.0.2\bin;C:\WINDOWS\Sun\Java\bin;C:\WINDOWS\system32;C:\WINDOWS;C:\Program Files (x86)\Common Files\Oracle\Java\javapath;C:\windows\system32;C:\windows;C:\windows\System32\Wbem;C:\windows\System32\WindowsPowerShell\v1.0\;C:\windows\System32\OpenSSH\;C:\Program Files (x86)\NVIDIA Corporation\PhysX\Common;C:\Program Files\NVIDIA Corporation\NVIDIA NvDLISR;C:\WINDOWS\system32;C:\WINDOWS;C:\WINDOWS\System32\Wbem;C:\WINDOWS\System32\WindowsPowerShell\v1.0\;C:\WINDOWS\System32\OpenSSH\;C:\Program Files\dotnet\;C:\Program Files\Cloudflare\Cloudflare WARP\;D:\Software\Git\cmd;C:\Program Files\Java\jdk-20.0.2\bin;D:\Maven\apache-maven-3.9.4\bin;C:\Users\kiree\AppData\Local\Microsoft\WindowsApps;;."/>
    <property name="java.vm.info" value="mixed mode, sharing"/>
    <property name="stderr.encoding" value="Cp1252"/>
    <property name="java.vendor" value="Oracle Corporation"/>
    <property name="java.vm.version" value="20.0.2+9-78"/>
    <property name="sun.io.unicode.encoding" value="UnicodeLittle"/>
    <property name="java.class.version" value="64.0"/>
  </properties>
  <testcase name="shouldAnswerWithTrue" classname="com.selfstudy.AppTest" time="0.007"/>
</testsuite>